Release 14.7 - xst P.20131013 (nt64)
Copyright (c) 1995-2013 Xilinx, Inc.  All rights reserved.
--> Parameter TMPDIR set to xst/projnav.tmp


Total REAL time to Xst completion: 0.00 secs
Total CPU time to Xst completion: 0.14 secs
 
--> Parameter xsthdpdir set to xst


Total REAL time to Xst completion: 0.00 secs
Total CPU time to Xst completion: 0.14 secs
 
--> Reading design: MultiSequenceDetector.prj

TABLE OF CONTENTS
  1) Synthesis Options Summary
  2) HDL Parsing
  3) HDL Elaboration
  4) HDL Synthesis
       4.1) HDL Synthesis Report
  5) Advanced HDL Synthesis
       5.1) Advanced HDL Synthesis Report
  6) Low Level Synthesis
  7) Partition Report
  8) Design Summary
       8.1) Primitive and Black Box Usage
       8.2) Device utilization summary
       8.3) Partition Resource Summary
       8.4) Timing Report
            8.4.1) Clock Information
            8.4.2) Asynchronous Control Signals Information
            8.4.3) Timing Summary
            8.4.4) Timing Details
            8.4.5) Cross Clock Domains Report


=========================================================================
*                      Synthesis Options Summary                        *
=========================================================================
---- Source Parameters
Input File Name                    : "MultiSequenceDetector.prj"
Ignore Synthesis Constraint File   : NO

---- Target Parameters
Output File Name                   : "MultiSequenceDetector"
Output Format                      : NGC
Target Device                      : xc7a100t-3-csg324

---- Source Options
Top Module Name                    : MultiSequenceDetector
Automatic FSM Extraction           : YES
FSM Encoding Algorithm             : Auto
Safe Implementation                : No
FSM Style                          : LUT
RAM Extraction                     : Yes
RAM Style                          : Auto
ROM Extraction                     : Yes
Shift Register Extraction          : YES
ROM Style                          : Auto
Resource Sharing                   : YES
Asynchronous To Synchronous        : NO
Shift Register Minimum Size        : 2
Use DSP Block                      : Auto
Automatic Register Balancing       : No

---- Target Options
LUT Combining                      : Auto
Reduce Control Sets                : Auto
Add IO Buffers                     : YES
Global Maximum Fanout              : 100000
Add Generic Clock Buffer(BUFG)     : 32
Register Duplication               : YES
Optimize Instantiated Primitives   : NO
Use Clock Enable                   : Auto
Use Synchronous Set                : Auto
Use Synchronous Reset              : Auto
Pack IO Registers into IOBs        : Auto
Equivalent register Removal        : YES

---- General Options
Optimization Goal                  : Speed
Optimization Effort                : 1
Power Reduction                    : NO
Keep Hierarchy                     : No
Netlist Hierarchy                  : As_Optimized
RTL Output                         : Yes
Global Optimization                : AllClockNets
Read Cores                         : YES
Write Timing Constraints           : NO
Cross Clock Analysis               : NO
Hierarchy Separator                : /
Bus Delimiter                      : <>
Case Specifier                     : Maintain
Slice Utilization Ratio            : 100
BRAM Utilization Ratio             : 100
DSP48 Utilization Ratio            : 100
Auto BRAM Packing                  : NO
Slice Utilization Ratio Delta      : 5

=========================================================================


=========================================================================
*                          HDL Parsing                                  *
=========================================================================
Parsing VHDL file "E:\ISE Workspace\CA_Lab_3\MultiSequenceDetector.vhd" into library work
Parsing entity <MultiSequenceDetector>.
Parsing architecture <Behavioral> of entity <multisequencedetector>.

=========================================================================
*                            HDL Elaboration                            *
=========================================================================

Elaborating entity <MultiSequenceDetector> (architecture <Behavioral>) from library <work>.

=========================================================================
*                           HDL Synthesis                               *
=========================================================================

Synthesizing Unit <MultiSequenceDetector>.
    Related source file is "E:\ISE Workspace\CA_Lab_3\MultiSequenceDetector.vhd".
    Found 1-bit register for signal <output>.
    Found 3-bit register for signal <p_state>.
    Found finite state machine <FSM_0> for signal <p_state>.
    -----------------------------------------------------------------------
    | States             | 5                                              |
    | Transitions        | 10                                             |
    | Inputs             | 1                                              |
    | Outputs            | 4                                              |
    | Clock              | clk (rising_edge)                              |
    | Power Up State     | init                                           |
    | Encoding           | auto                                           |
    | Implementation     | LUT                                            |
    -----------------------------------------------------------------------
WARNING:Xst:737 - Found 1-bit latch for signal <temp>. Latches may be generated from incomplete case or if statements. We do not recommend the use of latches in FPGA/CPLD designs, as they may lead to timing problems.
    Summary:
	inferred   1 D-type flip-flop(s).
	inferred   1 Latch(s).
	inferred   5 Multiplexer(s).
	inferred   1 Finite State Machine(s).
Unit <MultiSequenceDetector> synthesized.

=========================================================================
HDL Synthesis Report

Macro Statistics
# Registers                                            : 1
 1-bit register                                        : 1
# Latches                                              : 1
 1-bit latch                                           : 1
# Multiplexers                                         : 5
 1-bit 2-to-1 multiplexer                              : 5
# FSMs                                                 : 1

=========================================================================

=========================================================================
*                       Advanced HDL Synthesis                          *
=========================================================================


=========================================================================
Advanced HDL Synthesis Report

Macro Statistics
# Registers                                            : 1
 Flip-Flops                                            : 1
# Multiplexers                                         : 5
 1-bit 2-to-1 multiplexer                              : 5
# FSMs                                                 : 1

=========================================================================

=========================================================================
*                         Low Level Synthesis                           *
=========================================================================
Analyzing FSM <MFsm> for best encoding.
Optimizing FSM <FSM_0> on signal <p_state[1:3]> with user encoding.
-------------------
 State | Encoding
-------------------
 init  | 000
 s0    | 001
 s01   | 010
 s011  | 011
 s010  | 100
-------------------

Optimizing unit <MultiSequenceDetector> ...

Mapping all equations...
Building and optimizing final netlist ...
Found area constraint ratio of 100 (+ 5) on block MultiSequenceDetector, actual ratio is 0.

Final Macro Processing ...

=========================================================================
Final Register Report

Macro Statistics
# Registers                                            : 4
 Flip-Flops                                            : 4

=========================================================================

=========================================================================
*                           Partition Report                            *
=========================================================================

Partition Implementation Status
-------------------------------

  No Partitions were found in this design.

-------------------------------

=========================================================================
*                            Design Summary                             *
=========================================================================

Top Level Output File Name         : MultiSequenceDetector.ngc

Primitive and Black Box Usage:
------------------------------
# BELS                             : 5
#      LUT2                        : 1
#      LUT3                        : 2
#      LUT4                        : 2
# FlipFlops/Latches                : 5
#      FD                          : 4
#      LD                          : 1
# Clock Buffers                    : 1
#      BUFGP                       : 1
# IO Buffers                       : 2
#      IBUF                        : 1
#      OBUF                        : 1

Device utilization summary:
---------------------------

Selected Device : 7a100tcsg324-3 


Slice Logic Utilization: 
 Number of Slice Registers:               4  out of  126800     0%  
 Number of Slice LUTs:                    5  out of  63400     0%  
    Number used as Logic:                 5  out of  63400     0%  

Slice Logic Distribution: 
 Number of LUT Flip Flop pairs used:      9
   Number with an unused Flip Flop:       5  out of      9    55%  
   Number with an unused LUT:             4  out of      9    44%  
   Number of fully used LUT-FF pairs:     0  out of      9     0%  
   Number of unique control sets:         2

IO Utilization: 
 Number of IOs:                           3
 Number of bonded IOBs:                   3  out of    210     1%  
    IOB Flip Flops/Latches:               1

Specific Feature Utilization:
 Number of BUFG/BUFGCTRLs:                1  out of     32     3%  

---------------------------
Partition Resource Summary:
---------------------------

  No Partitions were found in this design.

---------------------------


=========================================================================
Timing Report

NOTE: THESE TIMING NUMBERS ARE ONLY A SYNTHESIS ESTIMATE.
      FOR ACCURATE TIMING INFORMATION PLEASE REFER TO THE TRACE REPORT
      GENERATED AFTER PLACE-and-ROUTE.

Clock Information:
------------------
---------------------------------------------------------------+------------------------+-------+
Clock Signal                                                   | Clock buffer(FF name)  | Load  |
---------------------------------------------------------------+------------------------+-------+
p_state[2]_PWR_4_o_Mux_8_o(Mmux_p_state[2]_PWR_4_o_Mux_8_o11:O)| NONE(*)(temp)          | 1     |
clk                                                            | BUFGP                  | 4     |
---------------------------------------------------------------+------------------------+-------+
(*) This 1 clock signal(s) are generated by combinatorial logic,
and XST is not able to identify which are the primary clock signals.
Please use the CLOCK_SIGNAL constraint to specify the clock signal(s) generated by combinatorial logic.
INFO:Xst:2169 - HDL ADVISOR - Some clock signals were not automatically buffered by XST with BUFG/BUFR resources. Please use the buffer_type constraint in order to insert these buffers to the clock signals to help prevent skew problems.

Asynchronous Control Signals Information:
----------------------------------------
No asynchronous control signals found in this design

Timing Summary:
---------------
Speed Grade: -3

   Minimum period: 0.991ns (Maximum Frequency: 1008.776MHz)
   Minimum input arrival time before clock: 0.676ns
   Maximum output required time after clock: 0.640ns
   Maximum combinational path delay: No path found

Timing Details:
---------------
All values displayed in nanoseconds (ns)

=========================================================================
Timing constraint: Default period analysis for Clock 'clk'
  Clock period: 0.991ns (frequency: 1008.776MHz)
  Total number of paths / destination ports: 7 / 3
-------------------------------------------------------------------------
Delay:               0.991ns (Levels of Logic = 1)
  Source:            p_state_FSM_FFd3 (FF)
  Destination:       p_state_FSM_FFd3 (FF)
  Source Clock:      clk rising
  Destination Clock: clk rising

  Data Path: p_state_FSM_FFd3 to p_state_FSM_FFd3
                                Gate     Net
    Cell:in->out      fanout   Delay   Delay  Logical Name (Net Name)
    ----------------------------------------  ------------
     FD:C->Q               4   0.361   0.525  p_state_FSM_FFd3 (p_state_FSM_FFd3)
     LUT4:I1->O            1   0.097   0.000  p_state_FSM_FFd3-In1 (p_state_FSM_FFd3-In)
     FD:D                      0.008          p_state_FSM_FFd3
    ----------------------------------------
    Total                      0.991ns (0.466ns logic, 0.525ns route)
                                       (47.0% logic, 53.0% route)

=========================================================================
Timing constraint: Default OFFSET IN BEFORE for Clock 'clk'
  Total number of paths / destination ports: 3 / 3
-------------------------------------------------------------------------
Offset:              0.676ns (Levels of Logic = 2)
  Source:            input (PAD)
  Destination:       p_state_FSM_FFd3 (FF)
  Destination Clock: clk rising

  Data Path: input to p_state_FSM_FFd3
                                Gate     Net
    Cell:in->out      fanout   Delay   Delay  Logical Name (Net Name)
    ----------------------------------------  ------------
     IBUF:I->O             4   0.001   0.570  input_IBUF (input_IBUF)
     LUT4:I0->O            1   0.097   0.000  p_state_FSM_FFd3-In1 (p_state_FSM_FFd3-In)
     FD:D                      0.008          p_state_FSM_FFd3
    ----------------------------------------
    Total                      0.676ns (0.106ns logic, 0.570ns route)
                                       (15.7% logic, 84.3% route)

=========================================================================
Timing constraint: Default OFFSET OUT AFTER for Clock 'clk'
  Total number of paths / destination ports: 1 / 1
-------------------------------------------------------------------------
Offset:              0.640ns (Levels of Logic = 1)
  Source:            output (FF)
  Destination:       output (PAD)
  Source Clock:      clk rising

  Data Path: output to output
                                Gate     Net
    Cell:in->out      fanout   Delay   Delay  Logical Name (Net Name)
    ----------------------------------------  ------------
     FD:C->Q               1   0.361   0.279  output (output_OBUF)
     OBUF:I->O                 0.000          output_OBUF (output)
    ----------------------------------------
    Total                      0.640ns (0.361ns logic, 0.279ns route)
                                       (56.4% logic, 43.6% route)

=========================================================================

Cross Clock Domains Report:
--------------------------

Clock to Setup on destination clock clk
--------------------------+---------+---------+---------+---------+
                          | Src:Rise| Src:Fall| Src:Rise| Src:Fall|
Source Clock              |Dest:Rise|Dest:Rise|Dest:Fall|Dest:Fall|
--------------------------+---------+---------+---------+---------+
clk                       |    0.991|         |         |         |
p_state[2]_PWR_4_o_Mux_8_o|         |    0.759|         |         |
--------------------------+---------+---------+---------+---------+

Clock to Setup on destination clock p_state[2]_PWR_4_o_Mux_8_o
---------------+---------+---------+---------+---------+
               | Src:Rise| Src:Fall| Src:Rise| Src:Fall|
Source Clock   |Dest:Rise|Dest:Rise|Dest:Fall|Dest:Fall|
---------------+---------+---------+---------+---------+
clk            |         |         |    0.847|         |
---------------+---------+---------+---------+---------+

=========================================================================


Total REAL time to Xst completion: 8.00 secs
Total CPU time to Xst completion: 8.02 secs
 
--> 

Total memory usage is 4616884 kilobytes

Number of errors   :    0 (   0 filtered)
Number of warnings :    1 (   0 filtered)
Number of infos    :    1 (   0 filtered)

