Release 14.7 - xst P.20131013 (nt64)
Copyright (c) 1995-2013 Xilinx, Inc.  All rights reserved.
--> Parameter TMPDIR set to xst/projnav.tmp


Total REAL time to Xst completion: 0.00 secs
Total CPU time to Xst completion: 0.13 secs
 
--> Parameter xsthdpdir set to xst


Total REAL time to Xst completion: 0.00 secs
Total CPU time to Xst completion: 0.13 secs
 
--> Reading design: calculator.prj

TABLE OF CONTENTS
  1) Synthesis Options Summary
  2) HDL Parsing
  3) HDL Elaboration
  4) HDL Synthesis
       4.1) HDL Synthesis Report
  5) Advanced HDL Synthesis
       5.1) Advanced HDL Synthesis Report
  6) Low Level Synthesis
  7) Partition Report
  8) Design Summary
       8.1) Primitive and Black Box Usage
       8.2) Device utilization summary
       8.3) Partition Resource Summary
       8.4) Timing Report
            8.4.1) Clock Information
            8.4.2) Asynchronous Control Signals Information
            8.4.3) Timing Summary
            8.4.4) Timing Details
            8.4.5) Cross Clock Domains Report


=========================================================================
*                      Synthesis Options Summary                        *
=========================================================================
---- Source Parameters
Input File Name                    : "calculator.prj"
Ignore Synthesis Constraint File   : NO

---- Target Parameters
Output File Name                   : "calculator"
Output Format                      : NGC
Target Device                      : xc7a100t-3-csg324

---- Source Options
Top Module Name                    : calculator
Automatic FSM Extraction           : YES
FSM Encoding Algorithm             : Auto
Safe Implementation                : No
FSM Style                          : LUT
RAM Extraction                     : Yes
RAM Style                          : Auto
ROM Extraction                     : Yes
Shift Register Extraction          : YES
ROM Style                          : Auto
Resource Sharing                   : YES
Asynchronous To Synchronous        : NO
Shift Register Minimum Size        : 2
Use DSP Block                      : Auto
Automatic Register Balancing       : No

---- Target Options
LUT Combining                      : Auto
Reduce Control Sets                : Auto
Add IO Buffers                     : YES
Global Maximum Fanout              : 100000
Add Generic Clock Buffer(BUFG)     : 32
Register Duplication               : YES
Optimize Instantiated Primitives   : NO
Use Clock Enable                   : Auto
Use Synchronous Set                : Auto
Use Synchronous Reset              : Auto
Pack IO Registers into IOBs        : Auto
Equivalent register Removal        : YES

---- General Options
Optimization Goal                  : Speed
Optimization Effort                : 1
Power Reduction                    : NO
Keep Hierarchy                     : No
Netlist Hierarchy                  : As_Optimized
RTL Output                         : Yes
Global Optimization                : AllClockNets
Read Cores                         : YES
Write Timing Constraints           : NO
Cross Clock Analysis               : NO
Hierarchy Separator                : /
Bus Delimiter                      : <>
Case Specifier                     : Maintain
Slice Utilization Ratio            : 100
BRAM Utilization Ratio             : 100
DSP48 Utilization Ratio            : 100
Auto BRAM Packing                  : NO
Slice Utilization Ratio Delta      : 5

=========================================================================


=========================================================================
*                          HDL Parsing                                  *
=========================================================================
Parsing VHDL file "E:\ISE Workspace\Binary_GCD\calculator.vhd" into library work
Parsing entity <calculator>.
Parsing architecture <Behavioral> of entity <calculator>.

=========================================================================
*                            HDL Elaboration                            *
=========================================================================

Elaborating entity <calculator> (architecture <Behavioral>) from library <work>.
WARNING:HDLCompiler:92 - "E:\ISE Workspace\Binary_GCD\calculator.vhd" Line 66: temp_1 should be on the sensitivity list of the process

=========================================================================
*                           HDL Synthesis                               *
=========================================================================

Synthesizing Unit <calculator>.
    Related source file is "E:\ISE Workspace\Binary_GCD\calculator.vhd".
    Found 8-bit register for signal <temp_2>.
    Found 8-bit register for signal <temp_1>.
    Found 8-bit adder for signal <gcd> created at line 66.
    Found 8-bit subtractor for signal <GND_5_o_GND_5_o_sub_2_OUT<7:0>> created at line 60.
    Found 8-bit subtractor for signal <GND_5_o_GND_5_o_sub_3_OUT<7:0>> created at line 62.
    Found 8-bit comparator greater for signal <n0001> created at line 59
    Summary:
	inferred   3 Adder/Subtractor(s).
	inferred  16 D-type flip-flop(s).
	inferred   1 Comparator(s).
	inferred   2 Multiplexer(s).
Unit <calculator> synthesized.

=========================================================================
HDL Synthesis Report

Macro Statistics
# Adders/Subtractors                                   : 3
 8-bit adder                                           : 1
 8-bit subtractor                                      : 2
# Registers                                            : 2
 8-bit register                                        : 2
# Comparators                                          : 1
 8-bit comparator greater                              : 1
# Multiplexers                                         : 2
 8-bit 2-to-1 multiplexer                              : 2

=========================================================================

=========================================================================
*                       Advanced HDL Synthesis                          *
=========================================================================


Synthesizing (advanced) Unit <calculator>.
The following registers are absorbed into accumulator <temp_1>: 1 register on signal <temp_1>.
The following registers are absorbed into accumulator <temp_2>: 1 register on signal <temp_2>.
Unit <calculator> synthesized (advanced).

=========================================================================
Advanced HDL Synthesis Report

Macro Statistics
# Adders/Subtractors                                   : 1
 8-bit adder                                           : 1
# Accumulators                                         : 2
 8-bit down loadable accumulator                       : 2
# Comparators                                          : 1
 8-bit comparator greater                              : 1

=========================================================================

=========================================================================
*                         Low Level Synthesis                           *
=========================================================================

Optimizing unit <calculator> ...

Mapping all equations...
Building and optimizing final netlist ...
Found area constraint ratio of 100 (+ 5) on block calculator, actual ratio is 0.

Final Macro Processing ...

=========================================================================
Final Register Report

Macro Statistics
# Registers                                            : 16
 Flip-Flops                                            : 16

=========================================================================

=========================================================================
*                           Partition Report                            *
=========================================================================

Partition Implementation Status
-------------------------------

  No Partitions were found in this design.

-------------------------------

=========================================================================
*                            Design Summary                             *
=========================================================================

Top Level Output File Name         : calculator.ngc

Primitive and Black Box Usage:
------------------------------
# BELS                             : 92
#      GND                         : 1
#      INV                         : 2
#      LUT2                        : 22
#      LUT4                        : 17
#      LUT5                        : 2
#      LUT6                        : 3
#      MUXCY                       : 21
#      XORCY                       : 24
# FlipFlops/Latches                : 16
#      FDCE                        : 16
# Clock Buffers                    : 1
#      BUFGP                       : 1
# IO Buffers                       : 26
#      IBUF                        : 18
#      OBUF                        : 8

Device utilization summary:
---------------------------

Selected Device : 7a100tcsg324-3 


Slice Logic Utilization: 
 Number of Slice Registers:              16  out of  126800     0%  
 Number of Slice LUTs:                   46  out of  63400     0%  
    Number used as Logic:                46  out of  63400     0%  

Slice Logic Distribution: 
 Number of LUT Flip Flop pairs used:     46
   Number with an unused Flip Flop:      30  out of     46    65%  
   Number with an unused LUT:             0  out of     46     0%  
   Number of fully used LUT-FF pairs:    16  out of     46    34%  
   Number of unique control sets:         2

IO Utilization: 
 Number of IOs:                          27
 Number of bonded IOBs:                  27  out of    210    12%  

Specific Feature Utilization:
 Number of BUFG/BUFGCTRLs:                1  out of     32     3%  

---------------------------
Partition Resource Summary:
---------------------------

  No Partitions were found in this design.

---------------------------


=========================================================================
Timing Report

NOTE: THESE TIMING NUMBERS ARE ONLY A SYNTHESIS ESTIMATE.
      FOR ACCURATE TIMING INFORMATION PLEASE REFER TO THE TRACE REPORT
      GENERATED AFTER PLACE-and-ROUTE.

Clock Information:
------------------
-----------------------------------+------------------------+-------+
Clock Signal                       | Clock buffer(FF name)  | Load  |
-----------------------------------+------------------------+-------+
clk                                | BUFGP                  | 16    |
-----------------------------------+------------------------+-------+

Asynchronous Control Signals Information:
----------------------------------------
No asynchronous control signals found in this design

Timing Summary:
---------------
Speed Grade: -3

   Minimum period: 2.370ns (Maximum Frequency: 421.994MHz)
   Minimum input arrival time before clock: 1.630ns
   Maximum output required time after clock: 1.996ns
   Maximum combinational path delay: No path found

Timing Details:
---------------
All values displayed in nanoseconds (ns)

=========================================================================
Timing constraint: Default period analysis for Clock 'clk'
  Clock period: 2.370ns (frequency: 421.994MHz)
  Total number of paths / destination ports: 552 / 32
-------------------------------------------------------------------------
Delay:               2.370ns (Levels of Logic = 3)
  Source:            temp_1_5 (FF)
  Destination:       temp_2_0 (FF)
  Source Clock:      clk rising
  Destination Clock: clk rising

  Data Path: temp_1_5 to temp_2_0
                                Gate     Net
    Cell:in->out      fanout   Delay   Delay  Logical Name (Net Name)
    ----------------------------------------  ------------
     FDCE:C->Q             6   0.361   0.716  temp_1_5 (temp_1_5)
     LUT6:I0->O            1   0.097   0.295  n000122 (n000121)
     LUT6:I5->O            2   0.097   0.299  n000124 (n000123)
     LUT5:I4->O            8   0.097   0.311  _n0037_inv1 (_n0037_inv)
     FDCE:CE                   0.095          temp_1_0
    ----------------------------------------
    Total                      2.370ns (0.747ns logic, 1.623ns route)
                                       (31.5% logic, 68.5% route)

=========================================================================
Timing constraint: Default OFFSET IN BEFORE for Clock 'clk'
  Total number of paths / destination ports: 248 / 48
-------------------------------------------------------------------------
Offset:              1.630ns (Levels of Logic = 10)
  Source:            load (PAD)
  Destination:       temp_2_7 (FF)
  Destination Clock: clk rising

  Data Path: load to temp_2_7
                                Gate     Net
    Cell:in->out      fanout   Delay   Delay  Logical Name (Net Name)
    ----------------------------------------  ------------
     IBUF:I->O            33   0.001   0.663  load_IBUF (load_IBUF)
     LUT4:I0->O            1   0.097   0.000  Maccum_temp_2_lut<0> (Maccum_temp_2_lut<0>)
     MUXCY:S->O            1   0.353   0.000  Maccum_temp_2_cy<0> (Maccum_temp_2_cy<0>)
     MUXCY:CI->O           1   0.023   0.000  Maccum_temp_2_cy<1> (Maccum_temp_2_cy<1>)
     MUXCY:CI->O           1   0.023   0.000  Maccum_temp_2_cy<2> (Maccum_temp_2_cy<2>)
     MUXCY:CI->O           1   0.023   0.000  Maccum_temp_2_cy<3> (Maccum_temp_2_cy<3>)
     MUXCY:CI->O           1   0.023   0.000  Maccum_temp_2_cy<4> (Maccum_temp_2_cy<4>)
     MUXCY:CI->O           1   0.023   0.000  Maccum_temp_2_cy<5> (Maccum_temp_2_cy<5>)
     MUXCY:CI->O           0   0.023   0.000  Maccum_temp_2_cy<6> (Maccum_temp_2_cy<6>)
     XORCY:CI->O           1   0.370   0.000  Maccum_temp_2_xor<7> (Result<7>)
     FDCE:D                    0.008          temp_2_7
    ----------------------------------------
    Total                      1.630ns (0.967ns logic, 0.663ns route)
                                       (59.3% logic, 40.7% route)

=========================================================================
Timing constraint: Default OFFSET OUT AFTER for Clock 'clk'
  Total number of paths / destination ports: 100 / 8
-------------------------------------------------------------------------
Offset:              1.996ns (Levels of Logic = 10)
  Source:            temp_1_0 (FF)
  Destination:       gcd<7> (PAD)
  Source Clock:      clk rising

  Data Path: temp_1_0 to gcd<7>
                                Gate     Net
    Cell:in->out      fanout   Delay   Delay  Logical Name (Net Name)
    ----------------------------------------  ------------
     FDCE:C->Q             5   0.361   0.398  temp_1_0 (temp_1_0)
     LUT2:I0->O            1   0.097   0.000  Madd_gcd_lut<0> (Madd_gcd_lut<0>)
     MUXCY:S->O            1   0.353   0.000  Madd_gcd_cy<0> (Madd_gcd_cy<0>)
     MUXCY:CI->O           1   0.023   0.000  Madd_gcd_cy<1> (Madd_gcd_cy<1>)
     MUXCY:CI->O           1   0.023   0.000  Madd_gcd_cy<2> (Madd_gcd_cy<2>)
     MUXCY:CI->O           1   0.023   0.000  Madd_gcd_cy<3> (Madd_gcd_cy<3>)
     MUXCY:CI->O           1   0.023   0.000  Madd_gcd_cy<4> (Madd_gcd_cy<4>)
     MUXCY:CI->O           1   0.023   0.000  Madd_gcd_cy<5> (Madd_gcd_cy<5>)
     MUXCY:CI->O           0   0.023   0.000  Madd_gcd_cy<6> (Madd_gcd_cy<6>)
     XORCY:CI->O           1   0.370   0.279  Madd_gcd_xor<7> (gcd_7_OBUF)
     OBUF:I->O                 0.000          gcd_7_OBUF (gcd<7>)
    ----------------------------------------
    Total                      1.996ns (1.319ns logic, 0.677ns route)
                                       (66.1% logic, 33.9% route)

=========================================================================

Cross Clock Domains Report:
--------------------------

Clock to Setup on destination clock clk
---------------+---------+---------+---------+---------+
               | Src:Rise| Src:Fall| Src:Rise| Src:Fall|
Source Clock   |Dest:Rise|Dest:Rise|Dest:Fall|Dest:Fall|
---------------+---------+---------+---------+---------+
clk            |    2.370|         |         |         |
---------------+---------+---------+---------+---------+

=========================================================================


Total REAL time to Xst completion: 9.00 secs
Total CPU time to Xst completion: 8.72 secs
 
--> 

Total memory usage is 4616868 kilobytes

Number of errors   :    0 (   0 filtered)
Number of warnings :    1 (   0 filtered)
Number of infos    :    0 (   0 filtered)

