Release 14.7 - xst P.20131013 (nt64)
Copyright (c) 1995-2013 Xilinx, Inc.  All rights reserved.
--> Parameter TMPDIR set to xst/projnav.tmp


Total REAL time to Xst completion: 0.00 secs
Total CPU time to Xst completion: 0.13 secs
 
--> Parameter xsthdpdir set to xst


Total REAL time to Xst completion: 0.00 secs
Total CPU time to Xst completion: 0.13 secs
 
--> Reading design: CPU_2.prj

TABLE OF CONTENTS
  1) Synthesis Options Summary
  2) HDL Parsing
  3) HDL Elaboration
  4) HDL Synthesis
       4.1) HDL Synthesis Report
  5) Advanced HDL Synthesis
       5.1) Advanced HDL Synthesis Report
  6) Low Level Synthesis
  7) Partition Report
  8) Design Summary
       8.1) Primitive and Black Box Usage
       8.2) Device utilization summary
       8.3) Partition Resource Summary
       8.4) Timing Report
            8.4.1) Clock Information
            8.4.2) Asynchronous Control Signals Information
            8.4.3) Timing Summary
            8.4.4) Timing Details
            8.4.5) Cross Clock Domains Report


=========================================================================
*                      Synthesis Options Summary                        *
=========================================================================
---- Source Parameters
Input File Name                    : "CPU_2.prj"
Ignore Synthesis Constraint File   : NO

---- Target Parameters
Output File Name                   : "CPU_2"
Output Format                      : NGC
Target Device                      : xc7a100t-3-csg324

---- Source Options
Top Module Name                    : CPU_2
Automatic FSM Extraction           : YES
FSM Encoding Algorithm             : Auto
Safe Implementation                : No
FSM Style                          : LUT
RAM Extraction                     : Yes
RAM Style                          : Auto
ROM Extraction                     : Yes
Shift Register Extraction          : YES
ROM Style                          : Auto
Resource Sharing                   : YES
Asynchronous To Synchronous        : NO
Shift Register Minimum Size        : 2
Use DSP Block                      : Auto
Automatic Register Balancing       : No

---- Target Options
LUT Combining                      : Auto
Reduce Control Sets                : Auto
Add IO Buffers                     : YES
Global Maximum Fanout              : 100000
Add Generic Clock Buffer(BUFG)     : 32
Register Duplication               : YES
Optimize Instantiated Primitives   : NO
Use Clock Enable                   : Auto
Use Synchronous Set                : Auto
Use Synchronous Reset              : Auto
Pack IO Registers into IOBs        : Auto
Equivalent register Removal        : YES

---- General Options
Optimization Goal                  : Speed
Optimization Effort                : 1
Power Reduction                    : NO
Keep Hierarchy                     : No
Netlist Hierarchy                  : As_Optimized
RTL Output                         : Yes
Global Optimization                : AllClockNets
Read Cores                         : YES
Write Timing Constraints           : NO
Cross Clock Analysis               : NO
Hierarchy Separator                : /
Bus Delimiter                      : <>
Case Specifier                     : Maintain
Slice Utilization Ratio            : 100
BRAM Utilization Ratio             : 100
DSP48 Utilization Ratio            : 100
Auto BRAM Packing                  : NO
Slice Utilization Ratio Delta      : 5

=========================================================================


=========================================================================
*                          HDL Parsing                                  *
=========================================================================
Parsing VHDL file "E:\ISE Workspace\CA_Lab_9\CPU_2.vhd" into library work
Parsing entity <CPU_2>.
Parsing architecture <Behavioral> of entity <cpu_2>.

=========================================================================
*                            HDL Elaboration                            *
=========================================================================

Elaborating entity <CPU_2> (architecture <Behavioral>) from library <work>.

=========================================================================
*                           HDL Synthesis                               *
=========================================================================

Synthesizing Unit <CPU_2>.
    Related source file is "E:\ISE Workspace\CA_Lab_9\CPU_2.vhd".
    Found 3-bit register for signal <states>.
    Found 9-bit register for signal <akku>.
    Found 6-bit register for signal <pc>.
    Found 6-bit register for signal <adress>.
    Found 6-bit adder for signal <adreg[5]_GND_5_o_add_1_OUT> created at line 61.
    Found 9-bit adder for signal <GND_5_o_GND_5_o_add_4_OUT> created at line 69.
    Found 1-bit tristate buffer for signal <data<7>> created at line 85
    Found 1-bit tristate buffer for signal <data<6>> created at line 85
    Found 1-bit tristate buffer for signal <data<5>> created at line 85
    Found 1-bit tristate buffer for signal <data<4>> created at line 85
    Found 1-bit tristate buffer for signal <data<3>> created at line 85
    Found 1-bit tristate buffer for signal <data<2>> created at line 85
    Found 1-bit tristate buffer for signal <data<1>> created at line 85
    Found 1-bit tristate buffer for signal <data<0>> created at line 85
    Summary:
	inferred   2 Adder/Subtractor(s).
	inferred  24 D-type flip-flop(s).
	inferred   5 Multiplexer(s).
	inferred   8 Tristate(s).
Unit <CPU_2> synthesized.

=========================================================================
HDL Synthesis Report

Macro Statistics
# Adders/Subtractors                                   : 2
 6-bit adder                                           : 1
 9-bit adder                                           : 1
# Registers                                            : 4
 3-bit register                                        : 1
 6-bit register                                        : 2
 9-bit register                                        : 1
# Multiplexers                                         : 5
 3-bit 2-to-1 multiplexer                              : 2
 6-bit 2-to-1 multiplexer                              : 1
 9-bit 2-to-1 multiplexer                              : 2
# Tristates                                            : 8
 1-bit tristate buffer                                 : 8

=========================================================================

=========================================================================
*                       Advanced HDL Synthesis                          *
=========================================================================


=========================================================================
Advanced HDL Synthesis Report

Macro Statistics
# Adders/Subtractors                                   : 2
 6-bit adder                                           : 1
 9-bit adder                                           : 1
# Registers                                            : 24
 Flip-Flops                                            : 24
# Multiplexers                                         : 13
 1-bit 2-to-1 multiplexer                              : 9
 3-bit 2-to-1 multiplexer                              : 2
 6-bit 2-to-1 multiplexer                              : 1
 9-bit 2-to-1 multiplexer                              : 1

=========================================================================

=========================================================================
*                         Low Level Synthesis                           *
=========================================================================

Optimizing unit <CPU_2> ...

Mapping all equations...
Building and optimizing final netlist ...
Found area constraint ratio of 100 (+ 5) on block CPU_2, actual ratio is 0.

Final Macro Processing ...

=========================================================================
Final Register Report

Macro Statistics
# Registers                                            : 24
 Flip-Flops                                            : 24

=========================================================================

=========================================================================
*                           Partition Report                            *
=========================================================================

Partition Implementation Status
-------------------------------

  No Partitions were found in this design.

-------------------------------

=========================================================================
*                            Design Summary                             *
=========================================================================

Top Level Output File Name         : CPU_2.ngc

Primitive and Black Box Usage:
------------------------------
# BELS                             : 60
#      GND                         : 1
#      INV                         : 2
#      LUT2                        : 10
#      LUT3                        : 5
#      LUT4                        : 3
#      LUT5                        : 17
#      LUT6                        : 3
#      MUXCY                       : 10
#      VCC                         : 1
#      XORCY                       : 8
# FlipFlops/Latches                : 24
#      FDC                         : 10
#      FDCE                        : 14
# Clock Buffers                    : 1
#      BUFG                        : 1
# IO Buffers                       : 18
#      IBUF                        : 2
#      IOBUF                       : 8
#      OBUF                        : 8

Device utilization summary:
---------------------------

Selected Device : 7a100tcsg324-3 


Slice Logic Utilization: 
 Number of Slice Registers:              24  out of  126800     0%  
 Number of Slice LUTs:                   40  out of  63400     0%  
    Number used as Logic:                40  out of  63400     0%  

Slice Logic Distribution: 
 Number of LUT Flip Flop pairs used:     40
   Number with an unused Flip Flop:      16  out of     40    40%  
   Number with an unused LUT:             0  out of     40     0%  
   Number of fully used LUT-FF pairs:    24  out of     40    60%  
   Number of unique control sets:         3

IO Utilization: 
 Number of IOs:                          18
 Number of bonded IOBs:                  18  out of    210     8%  

Specific Feature Utilization:
 Number of BUFG/BUFGCTRLs:                1  out of     32     3%  

---------------------------
Partition Resource Summary:
---------------------------

  No Partitions were found in this design.

---------------------------


=========================================================================
Timing Report

NOTE: THESE TIMING NUMBERS ARE ONLY A SYNTHESIS ESTIMATE.
      FOR ACCURATE TIMING INFORMATION PLEASE REFER TO THE TRACE REPORT
      GENERATED AFTER PLACE-and-ROUTE.

Clock Information:
------------------
-----------------------------------+------------------------+-------+
Clock Signal                       | Clock buffer(FF name)  | Load  |
-----------------------------------+------------------------+-------+
clk                                | IBUF+BUFG              | 24    |
-----------------------------------+------------------------+-------+

Asynchronous Control Signals Information:
----------------------------------------
No asynchronous control signals found in this design

Timing Summary:
---------------
Speed Grade: -3

   Minimum period: 2.024ns (Maximum Frequency: 493.974MHz)
   Minimum input arrival time before clock: 1.748ns
   Maximum output required time after clock: 1.485ns
   Maximum combinational path delay: 0.938ns

Timing Details:
---------------
All values displayed in nanoseconds (ns)

=========================================================================
Timing constraint: Default period analysis for Clock 'clk'
  Clock period: 2.024ns (frequency: 493.974MHz)
  Total number of paths / destination ports: 211 / 38
-------------------------------------------------------------------------
Delay:               2.024ns (Levels of Logic = 10)
  Source:            akku_0 (FF)
  Destination:       akku_7 (FF)
  Source Clock:      clk rising
  Destination Clock: clk rising

  Data Path: akku_0 to akku_7
                                Gate     Net
    Cell:in->out      fanout   Delay   Delay  Logical Name (Net Name)
    ----------------------------------------  ------------
     FDCE:C->Q             3   0.361   0.305  akku_0 (akku_0)
     LUT2:I1->O            1   0.097   0.000  Madd_GND_5_o_GND_5_o_add_4_OUT_lut<0> (Madd_GND_5_o_GND_5_o_add_4_OUT_lut<0>)
     MUXCY:S->O            1   0.353   0.000  Madd_GND_5_o_GND_5_o_add_4_OUT_cy<0> (Madd_GND_5_o_GND_5_o_add_4_OUT_cy<0>)
     MUXCY:CI->O           1   0.023   0.000  Madd_GND_5_o_GND_5_o_add_4_OUT_cy<1> (Madd_GND_5_o_GND_5_o_add_4_OUT_cy<1>)
     MUXCY:CI->O           1   0.023   0.000  Madd_GND_5_o_GND_5_o_add_4_OUT_cy<2> (Madd_GND_5_o_GND_5_o_add_4_OUT_cy<2>)
     MUXCY:CI->O           1   0.023   0.000  Madd_GND_5_o_GND_5_o_add_4_OUT_cy<3> (Madd_GND_5_o_GND_5_o_add_4_OUT_cy<3>)
     MUXCY:CI->O           1   0.023   0.000  Madd_GND_5_o_GND_5_o_add_4_OUT_cy<4> (Madd_GND_5_o_GND_5_o_add_4_OUT_cy<4>)
     MUXCY:CI->O           1   0.023   0.000  Madd_GND_5_o_GND_5_o_add_4_OUT_cy<5> (Madd_GND_5_o_GND_5_o_add_4_OUT_cy<5>)
     MUXCY:CI->O           1   0.023   0.000  Madd_GND_5_o_GND_5_o_add_4_OUT_cy<6> (Madd_GND_5_o_GND_5_o_add_4_OUT_cy<6>)
     XORCY:CI->O           1   0.370   0.295  Madd_GND_5_o_GND_5_o_add_4_OUT_xor<7> (GND_5_o_GND_5_o_add_4_OUT<7>)
     LUT5:I4->O            1   0.097   0.000  Mmux_states[2]_akku[8]_wide_mux_6_OUT81 (states[2]_akku[8]_wide_mux_6_OUT<7>)
     FDCE:D                    0.008          akku_7
    ----------------------------------------
    Total                      2.024ns (1.424ns logic, 0.600ns route)
                                       (70.3% logic, 29.7% route)

=========================================================================
Timing constraint: Default OFFSET IN BEFORE for Clock 'clk'
  Total number of paths / destination ports: 87 / 42
-------------------------------------------------------------------------
Offset:              1.748ns (Levels of Logic = 11)
  Source:            data<0> (PAD)
  Destination:       akku_7 (FF)
  Destination Clock: clk rising

  Data Path: data<0> to akku_7
                                Gate     Net
    Cell:in->out      fanout   Delay   Delay  Logical Name (Net Name)
    ----------------------------------------  ------------
     IOBUF:IO->O           3   0.001   0.389  data_0_IOBUF (N11)
     LUT2:I0->O            1   0.097   0.000  Madd_GND_5_o_GND_5_o_add_4_OUT_lut<0> (Madd_GND_5_o_GND_5_o_add_4_OUT_lut<0>)
     MUXCY:S->O            1   0.353   0.000  Madd_GND_5_o_GND_5_o_add_4_OUT_cy<0> (Madd_GND_5_o_GND_5_o_add_4_OUT_cy<0>)
     MUXCY:CI->O           1   0.023   0.000  Madd_GND_5_o_GND_5_o_add_4_OUT_cy<1> (Madd_GND_5_o_GND_5_o_add_4_OUT_cy<1>)
     MUXCY:CI->O           1   0.023   0.000  Madd_GND_5_o_GND_5_o_add_4_OUT_cy<2> (Madd_GND_5_o_GND_5_o_add_4_OUT_cy<2>)
     MUXCY:CI->O           1   0.023   0.000  Madd_GND_5_o_GND_5_o_add_4_OUT_cy<3> (Madd_GND_5_o_GND_5_o_add_4_OUT_cy<3>)
     MUXCY:CI->O           1   0.023   0.000  Madd_GND_5_o_GND_5_o_add_4_OUT_cy<4> (Madd_GND_5_o_GND_5_o_add_4_OUT_cy<4>)
     MUXCY:CI->O           1   0.023   0.000  Madd_GND_5_o_GND_5_o_add_4_OUT_cy<5> (Madd_GND_5_o_GND_5_o_add_4_OUT_cy<5>)
     MUXCY:CI->O           1   0.023   0.000  Madd_GND_5_o_GND_5_o_add_4_OUT_cy<6> (Madd_GND_5_o_GND_5_o_add_4_OUT_cy<6>)
     XORCY:CI->O           1   0.370   0.295  Madd_GND_5_o_GND_5_o_add_4_OUT_xor<7> (GND_5_o_GND_5_o_add_4_OUT<7>)
     LUT5:I4->O            1   0.097   0.000  Mmux_states[2]_akku[8]_wide_mux_6_OUT81 (states[2]_akku[8]_wide_mux_6_OUT<7>)
     FDCE:D                    0.008          akku_7
    ----------------------------------------
    Total                      1.748ns (1.064ns logic, 0.684ns route)
                                       (60.9% logic, 39.1% route)

=========================================================================
Timing constraint: Default OFFSET OUT AFTER for Clock 'clk'
  Total number of paths / destination ports: 43 / 16
-------------------------------------------------------------------------
Offset:              1.485ns (Levels of Logic = 2)
  Source:            states_1 (FF)
  Destination:       we (PAD)
  Source Clock:      clk rising

  Data Path: states_1 to we
                                Gate     Net
    Cell:in->out      fanout   Delay   Delay  Logical Name (Net Name)
    ----------------------------------------  ------------
     FDC:C->Q             15   0.361   0.748  states_1 (states_1)
     LUT5:I0->O            1   0.097   0.279  we1 (we_OBUF)
     OBUF:I->O                 0.000          we_OBUF (we)
    ----------------------------------------
    Total                      1.485ns (0.458ns logic, 1.027ns route)
                                       (30.8% logic, 69.2% route)

=========================================================================
Timing constraint: Default path analysis
  Total number of paths / destination ports: 4 / 2
-------------------------------------------------------------------------
Delay:               0.938ns (Levels of Logic = 3)
  Source:            clk (PAD)
  Destination:       oe (PAD)

  Data Path: clk to oe
                                Gate     Net
    Cell:in->out      fanout   Delay   Delay  Logical Name (Net Name)
    ----------------------------------------  ------------
     IBUF:I->O             2   0.001   0.561  clk_IBUF (clk_IBUF)
     LUT4:I0->O            1   0.097   0.279  oe1 (oe_OBUF)
     OBUF:I->O                 0.000          oe_OBUF (oe)
    ----------------------------------------
    Total                      0.938ns (0.098ns logic, 0.840ns route)
                                       (10.4% logic, 89.6% route)

=========================================================================

Cross Clock Domains Report:
--------------------------

Clock to Setup on destination clock clk
---------------+---------+---------+---------+---------+
               | Src:Rise| Src:Fall| Src:Rise| Src:Fall|
Source Clock   |Dest:Rise|Dest:Rise|Dest:Fall|Dest:Fall|
---------------+---------+---------+---------+---------+
clk            |    2.024|         |         |         |
---------------+---------+---------+---------+---------+

=========================================================================


Total REAL time to Xst completion: 10.00 secs
Total CPU time to Xst completion: 10.04 secs
 
--> 

Total memory usage is 4616912 kilobytes

Number of errors   :    0 (   0 filtered)
Number of warnings :    0 (   0 filtered)
Number of infos    :    0 (   0 filtered)

