ISim log file
Running: E:\ISE Workspace\CA_Lab_9\zxc_isim_beh.exe -intstyle ise -gui -tclbatch isim.cmd -wdb E:/ISE Workspace/CA_Lab_9/zxc_isim_beh.wdb 
INFO: There is another simulation running in the same directory. Using database file name isim1.wdb.
ISim P.20131013 (signature 0x7708f090)
This is a Full version of ISim.
Time resolution is 1 ps
# onerror resume
# wave add /
# run 1000 ns
Simulator is doing circuit initialization process.
Finished circuit initialization process.
at 15 ns(1): Note: 111 (/zxc/uut/).
at 35 ns(1): Note: 111 (/zxc/uut/).
at 55 ns(1): Note: 001 (/zxc/uut/).
at 75 ns(1): Note: 001 (/zxc/uut/).
at 95 ns(1): Note: 101 (/zxc/uut/).
at 115 ns(1): Note: 011 (/zxc/uut/).
ERROR: Index 6 out of bound 5 downto 0. 
ERROR: In process CPU.vhd:54 
 
INFO: Simulator is stopped.
